Normal:

15886336 reads; of these:
  15886336 (100.00%) were paired; of these:
    1141020 (7.18%) aligned concordantly 0 times
    13517291 (85.09%) aligned concordantly exactly 1 time
    1228025 (7.73%) aligned concordantly >1 times
    ----
    1141020 pairs aligned concordantly 0 times; of these:
      103302 (9.05%) aligned discordantly 1 time
    ----
    1037718 pairs aligned 0 times concordantly or discordantly; of these:
      2075436 mates make up the pairs; of these:
        1109148 (53.44%) aligned 0 times
        830397 (40.01%) aligned exactly 1 time
        135891 (6.55%) aligned >1 times
96.51% overall alignment rate
32900696 reads; of these:
  32900696 (100.00%) were paired; of these:
    2561240 (7.78%) aligned concordantly 0 times
    28639538 (87.05%) aligned concordantly exactly 1 time
    1699918 (5.17%) aligned concordantly >1 times
    ----
    2561240 pairs aligned concordantly 0 times; of these:
      258428 (10.09%) aligned discordantly 1 time
    ----
    2302812 pairs aligned 0 times concordantly or discordantly; of these:
      4605624 mates make up the pairs; of these:
        2494454 (54.16%) aligned 0 times
        1890698 (41.05%) aligned exactly 1 time
        220472 (4.79%) aligned >1 times
96.21% overall alignment rate
37178138 reads; of these:
  37178138 (100.00%) were paired; of these:
    2639265 (7.10%) aligned concordantly 0 times
    33074214 (88.96%) aligned concordantly exactly 1 time
    1464659 (3.94%) aligned concordantly >1 times
    ----
    2639265 pairs aligned concordantly 0 times; of these:
      277035 (10.50%) aligned discordantly 1 time
    ----
    2362230 pairs aligned 0 times concordantly or discordantly; of these:
      4724460 mates make up the pairs; of these:
        2540701 (53.78%) aligned 0 times
        2005204 (42.44%) aligned exactly 1 time
        178555 (3.78%) aligned >1 times
96.58% overall alignment rate



TNBC:
44434722 reads; of these:
  44434722 (100.00%) were paired; of these:
    9517366 (21.42%) aligned concordantly 0 times
    22385489 (50.38%) aligned concordantly exactly 1 time
    12531867 (28.20%) aligned concordantly >1 times
    ----
    9517366 pairs aligned concordantly 0 times; of these:
      651248 (6.84%) aligned discordantly 1 time
    ----
    8866118 pairs aligned 0 times concordantly or discordantly; of these:
      17732236 mates make up the pairs; of these:
        9094732 (51.29%) aligned 0 times
        4241359 (23.92%) aligned exactly 1 time
        4396145 (24.79%) aligned >1 times
89.77% overall alignment rate
45663946 reads; of these:
  45663946 (100.00%) were paired; of these:
    11643272 (25.50%) aligned concordantly 0 times
    14657323 (32.10%) aligned concordantly exactly 1 time
    19363351 (42.40%) aligned concordantly >1 times
    ----
    11643272 pairs aligned concordantly 0 times; of these:
      337606 (2.90%) aligned discordantly 1 time
    ----
    11305666 pairs aligned 0 times concordantly or discordantly; of these:
      22611332 mates make up the pairs; of these:
        12156185 (53.76%) aligned 0 times
        3623708 (16.03%) aligned exactly 1 time
        6831439 (30.21%) aligned >1 times
86.69% overall alignment rate
48256786 reads; of these:
  48256786 (100.00%) were paired; of these:
    13146619 (27.24%) aligned concordantly 0 times
    15562448 (32.25%) aligned concordantly exactly 1 time
    19547719 (40.51%) aligned concordantly >1 times
    ----
    13146619 pairs aligned concordantly 0 times; of these:
      457528 (3.48%) aligned discordantly 1 time
    ----
    12689091 pairs aligned 0 times concordantly or discordantly; of these:
      25378182 mates make up the pairs; of these:
        13517815 (53.27%) aligned 0 times
        4017363 (15.83%) aligned exactly 1 time
        7843004 (30.90%) aligned >1 times
85.99% overall alignment rate

Non-TNBC:
64355558 reads; of these:
  64355558 (100.00%) were paired; of these:
    13826969 (21.49%) aligned concordantly 0 times
    28520129 (44.32%) aligned concordantly exactly 1 time
    22008460 (34.20%) aligned concordantly >1 times
    ----
    13826969 pairs aligned concordantly 0 times; of these:
      656199 (4.75%) aligned discordantly 1 time
    ----
    13170770 pairs aligned 0 times concordantly or discordantly; of these:
      26341540 mates make up the pairs; of these:
        14344672 (54.46%) aligned 0 times
        5557866 (21.10%) aligned exactly 1 time
        6439002 (24.44%) aligned >1 times
88.86% overall alignment rate
51565654 reads; of these:
  51565654 (100.00%) were paired; of these:
    11172657 (21.67%) aligned concordantly 0 times
    20159663 (39.10%) aligned concordantly exactly 1 time
    20233334 (39.24%) aligned concordantly >1 times
    ----
    11172657 pairs aligned concordantly 0 times; of these:
      464441 (4.16%) aligned discordantly 1 time
    ----
    10708216 pairs aligned 0 times concordantly or discordantly; of these:
      21416432 mates make up the pairs; of these:
        11857048 (55.36%) aligned 0 times
        3815030 (17.81%) aligned exactly 1 time
        5744354 (26.82%) aligned >1 times
88.50% overall alignment rate
55701488 reads; of these:
  55701488 (100.00%) were paired; of these:
    12581114 (22.59%) aligned concordantly 0 times
    21730023 (39.01%) aligned concordantly exactly 1 time
    21390351 (38.40%) aligned concordantly >1 times
    ----
    12581114 pairs aligned concordantly 0 times; of these:
      523947 (4.16%) aligned discordantly 1 time
    ----
    12057167 pairs aligned 0 times concordantly or discordantly; of these:
      24114334 mates make up the pairs; of these:
        13265450 (55.01%) aligned 0 times
        4263010 (17.68%) aligned exactly 1 time
        6585874 (27.31%) aligned >1 times
88.09% overall alignment rate




